DML
    insert
    update
    delete
    merge
    truncate

控制事务
    savepoint，可以让会话回滚部分事务
    DML语句组成
    提交之前，事务堆其他会话不可见
    提交之前，可以回滚事务

解释DML和撤销数据的生成
    所有DML命令都生成撤销和重做内容
    重做保护对段（撤销段和数据段）所做的所有更改
    服务器进程从数据文件读取信息,DBWn针对数据文件执行写操作

监控和管理撤销数据
    实例将在一个指定的撤销表空间使用撤销段
    可以存在多个撤销表空间,但每次只能使用一个
    撤销表空间应该具有足够的存储量,以便将最高撤销生成速率和运行时间最长的查询考虑在内
    撤销表空间数据文件与其他数据文件类似

撤销数据和重做数据之间的区别
    撤销操作保护事务,而重做操作保护块的变更,他们不是相反的,而是互补的

配置撤销保留时间
    撤销数据将始终保持到生成他的事务以commit或者rollback结束为止,这是'active'活动撤销


描述各种数据操作语言
在表中插入行
更新表中的行
从表中删除行
控制事务
介绍DML和撤销数据的生成
监控并管理撤销数据
撤销数据和重做数据之间的区别
配置重做数据的保留
介绍锁定机制和数据并发管理
监视和解决锁定冲突



asis, tobe, 流程，时间，负责人